[debug] [2022-04-26T10:32:50.275Z] ----------------------------------------------------------------------
[debug] [2022-04-26T10:32:50.277Z] Command:       C:\Program Files\nodejs\node.exe C:\Users\user\AppData\Roaming\npm\node_modules\firebase-tools\lib\bin\firebase.js deploy --only hosting
[debug] [2022-04-26T10:32:50.277Z] CLI Version:   10.7.1
[debug] [2022-04-26T10:32:50.277Z] Platform:      win32
[debug] [2022-04-26T10:32:50.277Z] Node Version:  v14.18.1
[debug] [2022-04-26T10:32:50.280Z] Time:          Tue Apr 26 2022 13:32:50 GMT+0300 (Israel Daylight Time)
[debug] [2022-04-26T10:32:50.281Z] ----------------------------------------------------------------------
[debug] 
[debug] [2022-04-26T10:32:50.332Z] > command requires scopes: ["email","openid","https://www.googleapis.com/auth/cloudplatformprojects.readonly","https://www.googleapis.com/auth/firebase","https://www.googleapis.com/auth/cloud-platform"]
[debug] [2022-04-26T10:32:50.333Z] > authorizing via signed-in user (cooltelecom26@gmail.com)
[debug] [2022-04-26T10:32:50.333Z] [iam] checking project cazz-fa76d for permissions ["firebase.projects.get","firebasehosting.sites.update"]
[debug] [2022-04-26T10:32:50.335Z] >>> [apiv2][query] POST https://cloudresourcemanager.googleapis.com/v1/projects/cazz-fa76d:testIamPermissions [none]
[debug] [2022-04-26T10:32:50.335Z] >>> [apiv2][body] POST https://cloudresourcemanager.googleapis.com/v1/projects/cazz-fa76d:testIamPermissions {"permissions":["firebase.projects.get","firebasehosting.sites.update"]}
[debug] [2022-04-26T10:32:52.004Z] <<< [apiv2][status] POST https://cloudresourcemanager.googleapis.com/v1/projects/cazz-fa76d:testIamPermissions 200
[debug] [2022-04-26T10:32:52.004Z] <<< [apiv2][body] POST https://cloudresourcemanager.googleapis.com/v1/projects/cazz-fa76d:testIamPermissions {"permissions":["firebase.projects.get","firebasehosting.sites.update"]}
[debug] [2022-04-26T10:32:52.005Z] >>> [apiv2][query] GET https://firebase.googleapis.com/v1beta1/projects/cazz-fa76d [none]
[debug] [2022-04-26T10:32:52.400Z] <<< [apiv2][status] GET https://firebase.googleapis.com/v1beta1/projects/cazz-fa76d 200
[debug] [2022-04-26T10:32:52.400Z] <<< [apiv2][body] GET https://firebase.googleapis.com/v1beta1/projects/cazz-fa76d {"projectId":"cazz-fa76d","projectNumber":"958576342740","displayName":"Cazz","name":"projects/cazz-fa76d","resources":{"hostingSite":"cazz-fa76d"},"state":"ACTIVE"}
[info] 
[info] === Deploying to 'cazz-fa76d'...
[info] 
[info] i  deploying hosting 
[debug] [2022-04-26T10:32:52.402Z] >>> [apiv2][query] GET https://firebase.googleapis.com/v1beta1/projects/cazz-fa76d [none]
[debug] [2022-04-26T10:32:52.769Z] <<< [apiv2][status] GET https://firebase.googleapis.com/v1beta1/projects/cazz-fa76d 200
[debug] [2022-04-26T10:32:52.769Z] <<< [apiv2][body] GET https://firebase.googleapis.com/v1beta1/projects/cazz-fa76d {"projectId":"cazz-fa76d","projectNumber":"958576342740","displayName":"Cazz","name":"projects/cazz-fa76d","resources":{"hostingSite":"cazz-fa76d"},"state":"ACTIVE"}
[debug] [2022-04-26T10:32:52.770Z] >>> [apiv2][query] POST https://firebasehosting.googleapis.com/v1beta1/projects/958576342740/sites/cazz-fa76d/versions [none]
[debug] [2022-04-26T10:32:52.770Z] >>> [apiv2][body] POST https://firebasehosting.googleapis.com/v1beta1/projects/958576342740/sites/cazz-fa76d/versions {"config":{"rewrites":[{"glob":"**","path":"/index.html"}]},"labels":{"deployment-tool":"cli-firebase"}}
[debug] [2022-04-26T10:32:54.237Z] <<< [apiv2][status] POST https://firebasehosting.googleapis.com/v1beta1/projects/958576342740/sites/cazz-fa76d/versions 200
[debug] [2022-04-26T10:32:54.238Z] <<< [apiv2][body] POST https://firebasehosting.googleapis.com/v1beta1/projects/958576342740/sites/cazz-fa76d/versions {"name":"projects/958576342740/sites/cazz-fa76d/versions/ae24a51f6f1bcf55","status":"CREATED","config":{"rewrites":[{"glob":"**","path":"/index.html"}]},"labels":{"deployment-tool":"cli-firebase"}}
[info] i  hosting[cazz-fa76d]: beginning deploy... 
[info] i  hosting[cazz-fa76d]: found 18 files in casino-front/build 
[debug] [2022-04-26T10:32:54.255Z] [hosting] uploading with 200 concurrency
[debug] [2022-04-26T10:32:54.536Z] [hosting] hash cache [Y2FzaW5vLWZyb250XGJ1aWxk] stored for 18 files
[debug] [2022-04-26T10:32:54.536Z] [hosting][hash queue][FINAL] {"max":274,"min":3,"avg":22.88888888888889,"active":0,"complete":18,"success":18,"errored":0,"retried":0,"total":18,"elapsed":280}
[debug] [2022-04-26T10:32:54.536Z] >>> [apiv2][query] POST https://firebasehosting.googleapis.com/v1beta1/projects/958576342740/sites/cazz-fa76d/versions/ae24a51f6f1bcf55:populateFiles [none]
[debug] [2022-04-26T10:32:54.536Z] >>> [apiv2][body] POST https://firebasehosting.googleapis.com/v1beta1/projects/958576342740/sites/cazz-fa76d/versions/ae24a51f6f1bcf55:populateFiles {"files":{"/favicon.ico":"eae62e993eb980ec8a25058c39d5a51feab118bd2100c4deebb2a9c158ec11f9","/logo192.png":"3ee59515172ee198f3be375979df15ac5345183e656720a381b8872b2a39dc8b","/logo512.png":"ee7e2f3fdb8209c4b6fd7bef6ba50d1b9dba30a25bb5c3126df057e1cb6f5331","/manifest.json":"aff3449bdc238776f5d6d967f19ec491b36aed5fb7f23ccff6500736fd58494a","/robots.txt":"bfe106a3fb878dc83461c86818bf74fc1bdc7f28538ba613cd3e775516ce8b49","/asset-manifest.json":"7eebb2a80c9f3af0fcf5414764cd2b1b80efb0a7b6dc14878a345fd9949f4799","/index.html":"8fefad62abc2255c46311820ecb33e57558d432fe3a0e8a2453259e807cc9709","/static/css/main.e642541d.css":"63508ebbca3bd019cccad9841a8e788910bd816754a0a04593b5f0b1e8e98fe5","/static/js/787.2e2d326d.chunk.js.map":"f92a5b30ed95943e621aac35e23b8a6ba3b6d4d740091b002523a583f266767b","/static/js/787.2e2d326d.chunk.js":"c26a0c78944ff614cce5ff58a15a6f2ab31edad6f3e0adcae58a01400db7b211","/static/js/main.2055c751.js.LICENSE.txt":"1e720cd4a0094fe1df7b356e9a12a8dd735b16b3f6ca4f595de14b0b3b318193","/static/css/main.e642541d.css.map":"ee6c2ea6b3c1439963479eeee59ed6ed1327071313fed99ef07fb7019d9a089f","/static/media/no-pic.e50683f3adc255b0f12d.png":"f782a71a0b9c69d764391f3a639f4c86b6523ab86077f6b696d9cc46b2363852","/static/media/bacarra.416109cce73caa16caed.png":"f7a45c1eba8d8259297ef39859d43deb6957ce3d574749068317197906b20bef","/static/media/roulette.94af3340370979d54f40.png":"611a7416ef2e92e2637cd41f1bfaf17df0351c0a8cc5b0f173b746e18c24f2ce","/static/media/blackjack.7d2900232a07a97b0e49.png":"93081aaeaa8bc2c3d76086dbf5861bf0a84b65edf038ae99599a07dc3fe82f3b","/static/js/main.2055c751.js":"4a82bca73312ba9461b6faab5a35de121551fb7e8c22954ba1ef8f42cd0c15d8","/static/js/main.2055c751.js.map":"272a6539d8c136ce55fbf021c64fa798e3c05da5ba03a5fe63fb69cd731f8806"}}
[debug] [2022-04-26T10:32:55.738Z] <<< [apiv2][status] POST https://firebasehosting.googleapis.com/v1beta1/projects/958576342740/sites/cazz-fa76d/versions/ae24a51f6f1bcf55:populateFiles 200
[debug] [2022-04-26T10:32:55.738Z] <<< [apiv2][body] POST https://firebasehosting.googleapis.com/v1beta1/projects/958576342740/sites/cazz-fa76d/versions/ae24a51f6f1bcf55:populateFiles {"uploadRequiredHashes":["63508ebbca3bd019cccad9841a8e788910bd816754a0a04593b5f0b1e8e98fe5","7eebb2a80c9f3af0fcf5414764cd2b1b80efb0a7b6dc14878a345fd9949f4799","8fefad62abc2255c46311820ecb33e57558d432fe3a0e8a2453259e807cc9709","ee6c2ea6b3c1439963479eeee59ed6ed1327071313fed99ef07fb7019d9a089f","4a82bca73312ba9461b6faab5a35de121551fb7e8c22954ba1ef8f42cd0c15d8","272a6539d8c136ce55fbf021c64fa798e3c05da5ba03a5fe63fb69cd731f8806"],"uploadUrl":"https://upload-firebasehosting.googleapis.com/upload/sites/cazz-fa76d/versions/ae24a51f6f1bcf55/files"}
[debug] [2022-04-26T10:32:55.739Z] >>> [apiv2][query] POST https://upload-firebasehosting.googleapis.com/upload/sites/cazz-fa76d/versions/ae24a51f6f1bcf55/files/63508ebbca3bd019cccad9841a8e788910bd816754a0a04593b5f0b1e8e98fe5 [none]
[debug] [2022-04-26T10:32:55.740Z] >>> [apiv2][body] POST https://upload-firebasehosting.googleapis.com/upload/sites/cazz-fa76d/versions/ae24a51f6f1bcf55/files/63508ebbca3bd019cccad9841a8e788910bd816754a0a04593b5f0b1e8e98fe5 [stream]
[debug] [2022-04-26T10:32:55.740Z] >>> [apiv2][query] POST https://upload-firebasehosting.googleapis.com/upload/sites/cazz-fa76d/versions/ae24a51f6f1bcf55/files/7eebb2a80c9f3af0fcf5414764cd2b1b80efb0a7b6dc14878a345fd9949f4799 [none]
[debug] [2022-04-26T10:32:55.740Z] >>> [apiv2][body] POST https://upload-firebasehosting.googleapis.com/upload/sites/cazz-fa76d/versions/ae24a51f6f1bcf55/files/7eebb2a80c9f3af0fcf5414764cd2b1b80efb0a7b6dc14878a345fd9949f4799 [stream]
[debug] [2022-04-26T10:32:55.741Z] >>> [apiv2][query] POST https://upload-firebasehosting.googleapis.com/upload/sites/cazz-fa76d/versions/ae24a51f6f1bcf55/files/8fefad62abc2255c46311820ecb33e57558d432fe3a0e8a2453259e807cc9709 [none]
[debug] [2022-04-26T10:32:55.741Z] >>> [apiv2][body] POST https://upload-firebasehosting.googleapis.com/upload/sites/cazz-fa76d/versions/ae24a51f6f1bcf55/files/8fefad62abc2255c46311820ecb33e57558d432fe3a0e8a2453259e807cc9709 [stream]
[debug] [2022-04-26T10:32:55.741Z] >>> [apiv2][query] POST https://upload-firebasehosting.googleapis.com/upload/sites/cazz-fa76d/versions/ae24a51f6f1bcf55/files/ee6c2ea6b3c1439963479eeee59ed6ed1327071313fed99ef07fb7019d9a089f [none]
[debug] [2022-04-26T10:32:55.741Z] >>> [apiv2][body] POST https://upload-firebasehosting.googleapis.com/upload/sites/cazz-fa76d/versions/ae24a51f6f1bcf55/files/ee6c2ea6b3c1439963479eeee59ed6ed1327071313fed99ef07fb7019d9a089f [stream]
[debug] [2022-04-26T10:32:55.742Z] >>> [apiv2][query] POST https://upload-firebasehosting.googleapis.com/upload/sites/cazz-fa76d/versions/ae24a51f6f1bcf55/files/4a82bca73312ba9461b6faab5a35de121551fb7e8c22954ba1ef8f42cd0c15d8 [none]
[debug] [2022-04-26T10:32:55.742Z] >>> [apiv2][body] POST https://upload-firebasehosting.googleapis.com/upload/sites/cazz-fa76d/versions/ae24a51f6f1bcf55/files/4a82bca73312ba9461b6faab5a35de121551fb7e8c22954ba1ef8f42cd0c15d8 [stream]
[debug] [2022-04-26T10:32:55.742Z] >>> [apiv2][query] POST https://upload-firebasehosting.googleapis.com/upload/sites/cazz-fa76d/versions/ae24a51f6f1bcf55/files/272a6539d8c136ce55fbf021c64fa798e3c05da5ba03a5fe63fb69cd731f8806 [none]
[debug] [2022-04-26T10:32:55.743Z] >>> [apiv2][body] POST https://upload-firebasehosting.googleapis.com/upload/sites/cazz-fa76d/versions/ae24a51f6f1bcf55/files/272a6539d8c136ce55fbf021c64fa798e3c05da5ba03a5fe63fb69cd731f8806 [stream]
[debug] [2022-04-26T10:32:55.743Z] [hosting][populate queue][FINAL] {"max":1205,"min":1205,"avg":1205,"active":0,"complete":1,"success":1,"errored":0,"retried":0,"total":1,"elapsed":1209}
[debug] [2022-04-26T10:32:55.743Z] [hosting] uploads queued: 6
[debug] [2022-04-26T10:32:57.481Z] <<< [apiv2][status] POST https://upload-firebasehosting.googleapis.com/upload/sites/cazz-fa76d/versions/ae24a51f6f1bcf55/files/8fefad62abc2255c46311820ecb33e57558d432fe3a0e8a2453259e807cc9709 200
[debug] [2022-04-26T10:32:57.481Z] <<< [apiv2][body] POST https://upload-firebasehosting.googleapis.com/upload/sites/cazz-fa76d/versions/ae24a51f6f1bcf55/files/8fefad62abc2255c46311820ecb33e57558d432fe3a0e8a2453259e807cc9709 [stream]
[debug] [2022-04-26T10:32:57.487Z] <<< [apiv2][status] POST https://upload-firebasehosting.googleapis.com/upload/sites/cazz-fa76d/versions/ae24a51f6f1bcf55/files/ee6c2ea6b3c1439963479eeee59ed6ed1327071313fed99ef07fb7019d9a089f 200
[debug] [2022-04-26T10:32:57.488Z] <<< [apiv2][body] POST https://upload-firebasehosting.googleapis.com/upload/sites/cazz-fa76d/versions/ae24a51f6f1bcf55/files/ee6c2ea6b3c1439963479eeee59ed6ed1327071313fed99ef07fb7019d9a089f [stream]
[debug] [2022-04-26T10:32:57.657Z] <<< [apiv2][status] POST https://upload-firebasehosting.googleapis.com/upload/sites/cazz-fa76d/versions/ae24a51f6f1bcf55/files/7eebb2a80c9f3af0fcf5414764cd2b1b80efb0a7b6dc14878a345fd9949f4799 200
[debug] [2022-04-26T10:32:57.657Z] <<< [apiv2][body] POST https://upload-firebasehosting.googleapis.com/upload/sites/cazz-fa76d/versions/ae24a51f6f1bcf55/files/7eebb2a80c9f3af0fcf5414764cd2b1b80efb0a7b6dc14878a345fd9949f4799 [stream]
[debug] [2022-04-26T10:32:58.228Z] <<< [apiv2][status] POST https://upload-firebasehosting.googleapis.com/upload/sites/cazz-fa76d/versions/ae24a51f6f1bcf55/files/63508ebbca3bd019cccad9841a8e788910bd816754a0a04593b5f0b1e8e98fe5 200
[debug] [2022-04-26T10:32:58.228Z] <<< [apiv2][body] POST https://upload-firebasehosting.googleapis.com/upload/sites/cazz-fa76d/versions/ae24a51f6f1bcf55/files/63508ebbca3bd019cccad9841a8e788910bd816754a0a04593b5f0b1e8e98fe5 [stream]
[debug] [2022-04-26T10:33:05.139Z] <<< [apiv2][status] POST https://upload-firebasehosting.googleapis.com/upload/sites/cazz-fa76d/versions/ae24a51f6f1bcf55/files/4a82bca73312ba9461b6faab5a35de121551fb7e8c22954ba1ef8f42cd0c15d8 200
[debug] [2022-04-26T10:33:05.139Z] <<< [apiv2][body] POST https://upload-firebasehosting.googleapis.com/upload/sites/cazz-fa76d/versions/ae24a51f6f1bcf55/files/4a82bca73312ba9461b6faab5a35de121551fb7e8c22954ba1ef8f42cd0c15d8 [stream]
